<?xml version="1.0" encoding="UTF-8"?>
<coverage generated="1704482563137" clover="3.2.0">
  <project timestamp="1704482563137" name="All files">
    <metrics statements="98" coveredstatements="94" conditionals="85" coveredconditionals="63" methods="36" coveredmethods="30" elements="219" coveredelements="187" complexity="0" loc="98" ncloc="98" packages="8" files="9" classes="9"/>
    <package name="components.custom-input">
      <metrics statements="11" coveredstatements="8" conditionals="26" coveredconditionals="20" methods="5" coveredmethods="4"/>
      <file name="index.jsx" path="/Users/patriciobrunodacosta/Documents/Bruno-tests/offering-tree-test/billing-form-test/src/components/custom-input/index.jsx">
        <metrics statements="11" coveredstatements="8" conditionals="26" coveredconditionals="20" methods="5" coveredmethods="4"/>
        <line num="4" count="1" type="stmt"/>
        <line num="22" count="204" type="stmt"/>
        <line num="23" count="204" type="cond" truecount="1" falsecount="3"/>
        <line num="25" count="0" type="stmt"/>
        <line num="27" count="204" type="stmt"/>
        <line num="29" count="0" type="stmt"/>
        <line num="32" count="0" type="stmt"/>
        <line num="36" count="204" type="stmt"/>
        <line num="37" count="102" type="stmt"/>
        <line num="38" count="306" type="stmt"/>
        <line num="42" count="204" type="stmt"/>
      </file>
    </package>
    <package name="components.custom-input-with-currency">
      <metrics statements="8" coveredstatements="8" conditionals="2" coveredconditionals="0" methods="3" coveredmethods="2"/>
      <file name="index.jsx" path="/Users/patriciobrunodacosta/Documents/Bruno-tests/offering-tree-test/billing-form-test/src/components/custom-input-with-currency/index.jsx">
        <metrics statements="8" coveredstatements="8" conditionals="2" coveredconditionals="0" methods="3" coveredmethods="2"/>
        <line num="8" count="1" type="cond" truecount="0" falsecount="2"/>
        <line num="10" count="68" type="stmt"/>
        <line num="11" count="68" type="stmt"/>
        <line num="13" count="68" type="stmt"/>
        <line num="27" count="68" type="stmt"/>
        <line num="28" count="6" type="stmt"/>
        <line num="29" count="6" type="stmt"/>
        <line num="32" count="68" type="stmt"/>
      </file>
    </package>
    <package name="components.custom-input-with-multiplier">
      <metrics statements="2" coveredstatements="2" conditionals="3" coveredconditionals="1" methods="2" coveredmethods="1"/>
      <file name="index.jsx" path="/Users/patriciobrunodacosta/Documents/Bruno-tests/offering-tree-test/billing-form-test/src/components/custom-input-with-multiplier/index.jsx">
        <metrics statements="2" coveredstatements="2" conditionals="3" coveredconditionals="1" methods="2" coveredmethods="1"/>
        <line num="5" count="1" type="stmt"/>
        <line num="11" count="68" type="stmt"/>
      </file>
    </package>
    <package name="components.form-first-row">
      <metrics statements="7" coveredstatements="6" conditionals="2" coveredconditionals="0" methods="6" coveredmethods="4"/>
      <file name="index.jsx" path="/Users/patriciobrunodacosta/Documents/Bruno-tests/offering-tree-test/billing-form-test/src/components/form-first-row/index.jsx">
        <metrics statements="7" coveredstatements="6" conditionals="2" coveredconditionals="0" methods="6" coveredmethods="4"/>
        <line num="5" count="1" type="stmt"/>
        <line num="7" count="1" type="stmt"/>
        <line num="16" count="34" type="stmt"/>
        <line num="27" count="6" type="stmt"/>
        <line num="36" count="4" type="stmt"/>
        <line num="37" count="5" type="stmt"/>
        <line num="48" count="0" type="stmt"/>
      </file>
    </package>
    <package name="components.form-label-generator">
      <metrics statements="18" coveredstatements="18" conditionals="12" coveredconditionals="6" methods="7" coveredmethods="7"/>
      <file name="index.jsx" path="/Users/patriciobrunodacosta/Documents/Bruno-tests/offering-tree-test/billing-form-test/src/components/form-label-generator/index.jsx">
        <metrics statements="18" coveredstatements="18" conditionals="12" coveredconditionals="6" methods="7" coveredmethods="7"/>
        <line num="5" count="1" type="stmt"/>
        <line num="14" count="34" type="stmt"/>
        <line num="15" count="3" type="stmt"/>
        <line num="19" count="34" type="stmt"/>
        <line num="20" count="2" type="stmt"/>
        <line num="25" count="34" type="stmt"/>
        <line num="26" count="3" type="stmt"/>
        <line num="30" count="34" type="stmt"/>
        <line num="31" count="2" type="stmt"/>
        <line num="36" count="34" type="stmt"/>
        <line num="37" count="10" type="cond" truecount="4" falsecount="0"/>
        <line num="39" count="3" type="stmt"/>
        <line num="41" count="2" type="stmt"/>
        <line num="43" count="3" type="stmt"/>
        <line num="45" count="2" type="stmt"/>
        <line num="49" count="34" type="stmt"/>
        <line num="50" count="34" type="cond" truecount="2" falsecount="0"/>
        <line num="57" count="34" type="stmt"/>
      </file>
    </package>
    <package name="components.form-second-row">
      <metrics statements="8" coveredstatements="8" conditionals="5" coveredconditionals="4" methods="6" coveredmethods="5"/>
      <file name="index.jsx" path="/Users/patriciobrunodacosta/Documents/Bruno-tests/offering-tree-test/billing-form-test/src/components/form-second-row/index.jsx">
        <metrics statements="8" coveredstatements="8" conditionals="5" coveredconditionals="4" methods="6" coveredmethods="5"/>
        <line num="5" count="1" type="stmt"/>
        <line num="6" count="1" type="stmt"/>
        <line num="8" count="1" type="stmt"/>
        <line num="15" count="34" type="stmt"/>
        <line num="26" count="2" type="stmt"/>
        <line num="27" count="4" type="stmt"/>
        <line num="37" count="4" type="stmt"/>
        <line num="48" count="2" type="stmt"/>
      </file>
    </package>
    <package name="constants">
      <metrics statements="3" coveredstatements="3" conditionals="0" coveredconditionals="0" methods="0" coveredmethods="0"/>
      <file name="currency-codes.js" path="/Users/patriciobrunodacosta/Documents/Bruno-tests/offering-tree-test/billing-form-test/src/constants/currency-codes.js">
        <metrics statements="1" coveredstatements="1" conditionals="0" coveredconditionals="0" methods="0" coveredmethods="0"/>
        <line num="1" count="1" type="stmt"/>
      </file>
      <file name="index.js" path="/Users/patriciobrunodacosta/Documents/Bruno-tests/offering-tree-test/billing-form-test/src/constants/index.js">
        <metrics statements="2" coveredstatements="2" conditionals="0" coveredconditionals="0" methods="0" coveredmethods="0"/>
        <line num="1" count="1" type="stmt"/>
        <line num="8" count="1" type="stmt"/>
      </file>
    </package>
    <package name="containers.form-container">
      <metrics statements="41" coveredstatements="41" conditionals="35" coveredconditionals="32" methods="7" coveredmethods="7"/>
      <file name="index.jsx" path="/Users/patriciobrunodacosta/Documents/Bruno-tests/offering-tree-test/billing-form-test/src/containers/form-container/index.jsx">
        <metrics statements="41" coveredstatements="41" conditionals="35" coveredconditionals="32" methods="7" coveredmethods="7"/>
        <line num="9" count="1" type="stmt"/>
        <line num="20" count="1" type="stmt"/>
        <line num="21" count="34" type="stmt"/>
        <line num="23" count="34" type="stmt"/>
        <line num="24" count="27" type="stmt"/>
        <line num="25" count="27" type="stmt"/>
        <line num="27" count="27" type="cond" truecount="4" falsecount="0"/>
        <line num="28" count="5" type="stmt"/>
        <line num="31" count="27" type="stmt"/>
        <line num="34" count="34" type="stmt"/>
        <line num="35" count="34" type="cond" truecount="4" falsecount="0"/>
        <line num="36" count="5" type="cond" truecount="1" falsecount="1"/>
        <line num="37" count="5" type="stmt"/>
        <line num="39" count="29" type="stmt"/>
        <line num="42" count="34" type="stmt"/>
        <line num="43" count="34" type="cond" truecount="4" falsecount="0"/>
        <line num="44" count="34" type="cond" truecount="2" falsecount="0"/>
        <line num="45" count="24" type="stmt"/>
        <line num="47" count="10" type="cond" truecount="2" falsecount="0"/>
        <line num="48" count="6" type="cond" truecount="2" falsecount="0"/>
        <line num="53" count="4" type="cond" truecount="2" falsecount="0"/>
        <line num="58" count="34" type="stmt"/>
        <line num="59" count="34" type="cond" truecount="4" falsecount="0"/>
        <line num="60" count="18" type="stmt"/>
        <line num="62" count="16" type="stmt"/>
        <line num="63" count="16" type="cond" truecount="1" falsecount="1"/>
        <line num="66" count="16" type="stmt"/>
        <line num="70" count="34" type="cond" truecount="0" falsecount="1"/>
        <line num="71" count="102" type="stmt"/>
        <line num="72" count="102" type="stmt"/>
        <line num="74" count="102" type="stmt"/>
        <line num="79" count="102" type="stmt"/>
        <line num="81" count="102" type="stmt"/>
        <line num="84" count="34" type="stmt"/>
        <line num="85" count="34" type="stmt"/>
        <line num="86" count="34" type="cond" truecount="2" falsecount="0"/>
        <line num="87" count="2" type="stmt"/>
        <line num="90" count="34" type="cond" truecount="2" falsecount="0"/>
        <line num="91" count="27" type="stmt"/>
        <line num="94" count="34" type="stmt"/>
        <line num="97" count="34" type="stmt"/>
      </file>
    </package>
  </project>
</coverage>
