{"/Users/patriciobrunodacosta/Documents/Bruno-tests/offering-tree-test/billing-form-test/src/components/custom-input/index.jsx": {"path":"/Users/patriciobrunodacosta/Documents/Bruno-tests/offering-tree-test/billing-form-test/src/components/custom-input/index.jsx","statementMap":{"0":{"start":{"line":4,"column":20},"end":{"line":69,"column":1}},"1":{"start":{"line":22,"column":28},"end":{"line":34,"column":5}},"2":{"start":{"line":23,"column":8},"end":{"line":33,"column":9}},"3":{"start":{"line":25,"column":16},"end":{"line":25,"column":34}},"4":{"start":{"line":27,"column":16},"end":{"line":27,"column":34}},"5":{"start":{"line":29,"column":16},"end":{"line":29,"column":34}},"6":{"start":{"line":32,"column":16},"end":{"line":32,"column":34}},"7":{"start":{"line":36,"column":33},"end":{"line":40,"column":5}},"8":{"start":{"line":37,"column":8},"end":{"line":39,"column":9}},"9":{"start":{"line":38,"column":12},"end":{"line":38,"column":65}},"10":{"start":{"line":42,"column":4},"end":{"line":68,"column":5}}},"fnMap":{"0":{"name":"(anonymous_0)","decl":{"start":{"line":4,"column":20},"end":{"line":4,"column":21}},"loc":{"start":{"line":20,"column":6},"end":{"line":69,"column":1}},"line":20},"1":{"name":"(anonymous_1)","decl":{"start":{"line":9,"column":15},"end":{"line":9,"column":16}},"loc":{"start":{"line":9,"column":21},"end":{"line":9,"column":23}},"line":9},"2":{"name":"(anonymous_2)","decl":{"start":{"line":22,"column":28},"end":{"line":22,"column":29}},"loc":{"start":{"line":22,"column":34},"end":{"line":34,"column":5}},"line":22},"3":{"name":"(anonymous_3)","decl":{"start":{"line":36,"column":33},"end":{"line":36,"column":34}},"loc":{"start":{"line":36,"column":39},"end":{"line":40,"column":5}},"line":36},"4":{"name":"(anonymous_4)","decl":{"start":{"line":37,"column":34},"end":{"line":37,"column":35}},"loc":{"start":{"line":38,"column":12},"end":{"line":38,"column":65}},"line":38}},"branchMap":{"0":{"loc":{"start":{"line":6,"column":4},"end":{"line":6,"column":14}},"type":"default-arg","locations":[{"start":{"line":6,"column":12},"end":{"line":6,"column":14}}],"line":6},"1":{"loc":{"start":{"line":7,"column":4},"end":{"line":7,"column":22}},"type":"default-arg","locations":[{"start":{"line":7,"column":16},"end":{"line":7,"column":22}}],"line":7},"2":{"loc":{"start":{"line":8,"column":4},"end":{"line":8,"column":20}},"type":"default-arg","locations":[{"start":{"line":8,"column":18},"end":{"line":8,"column":20}}],"line":8},"3":{"loc":{"start":{"line":9,"column":4},"end":{"line":9,"column":23}},"type":"default-arg","locations":[{"start":{"line":9,"column":15},"end":{"line":9,"column":23}}],"line":9},"4":{"loc":{"start":{"line":10,"column":4},"end":{"line":10,"column":14}},"type":"default-arg","locations":[{"start":{"line":10,"column":12},"end":{"line":10,"column":14}}],"line":10},"5":{"loc":{"start":{"line":11,"column":4},"end":{"line":11,"column":18}},"type":"default-arg","locations":[{"start":{"line":11,"column":11},"end":{"line":11,"column":18}}],"line":11},"6":{"loc":{"start":{"line":12,"column":4},"end":{"line":12,"column":22}},"type":"default-arg","locations":[{"start":{"line":12,"column":20},"end":{"line":12,"column":22}}],"line":12},"7":{"loc":{"start":{"line":13,"column":4},"end":{"line":13,"column":19}},"type":"default-arg","locations":[{"start":{"line":13,"column":15},"end":{"line":13,"column":19}}],"line":13},"8":{"loc":{"start":{"line":15,"column":4},"end":{"line":15,"column":22}},"type":"default-arg","locations":[{"start":{"line":15,"column":19},"end":{"line":15,"column":22}}],"line":15},"9":{"loc":{"start":{"line":16,"column":4},"end":{"line":16,"column":20}},"type":"default-arg","locations":[{"start":{"line":16,"column":18},"end":{"line":16,"column":20}}],"line":16},"10":{"loc":{"start":{"line":17,"column":4},"end":{"line":17,"column":20}},"type":"default-arg","locations":[{"start":{"line":17,"column":18},"end":{"line":17,"column":20}}],"line":17},"11":{"loc":{"start":{"line":18,"column":4},"end":{"line":18,"column":21}},"type":"default-arg","locations":[{"start":{"line":18,"column":16},"end":{"line":18,"column":21}}],"line":18},"12":{"loc":{"start":{"line":23,"column":8},"end":{"line":33,"column":9}},"type":"switch","locations":[{"start":{"line":24,"column":12},"end":{"line":25,"column":34}},{"start":{"line":26,"column":12},"end":{"line":27,"column":34}},{"start":{"line":28,"column":12},"end":{"line":29,"column":34}},{"start":{"line":31,"column":12},"end":{"line":32,"column":34}}],"line":23},"13":{"loc":{"start":{"line":46,"column":18},"end":{"line":46,"column":38}},"type":"binary-expr","locations":[{"start":{"line":46,"column":18},"end":{"line":46,"column":26}},{"start":{"line":46,"column":30},"end":{"line":46,"column":38}}],"line":46},"14":{"loc":{"start":{"line":47,"column":17},"end":{"line":58,"column":22}},"type":"binary-expr","locations":[{"start":{"line":47,"column":17},"end":{"line":47,"column":27}},{"start":{"line":47,"column":31},"end":{"line":47,"column":53}},{"start":{"line":48,"column":20},"end":{"line":58,"column":22}}],"line":47},"15":{"loc":{"start":{"line":60,"column":17},"end":{"line":64,"column":29}},"type":"binary-expr","locations":[{"start":{"line":60,"column":17},"end":{"line":60,"column":27}},{"start":{"line":60,"column":31},"end":{"line":60,"column":53}},{"start":{"line":61,"column":20},"end":{"line":64,"column":29}}],"line":60},"16":{"loc":{"start":{"line":62,"column":26},"end":{"line":62,"column":73}},"type":"binary-expr","locations":[{"start":{"line":62,"column":26},"end":{"line":62,"column":32}},{"start":{"line":62,"column":36},"end":{"line":62,"column":73}}],"line":62}},"s":{"0":1,"1":204,"2":204,"3":0,"4":204,"5":0,"6":0,"7":204,"8":102,"9":306,"10":204},"f":{"0":204,"1":0,"2":204,"3":102,"4":306},"b":{"0":[0],"1":[0],"2":[102],"3":[68],"4":[68],"5":[0],"6":[102],"7":[68],"8":[204],"9":[136],"10":[170],"11":[136],"12":[0,204,0,0],"13":[204,136],"14":[204,136,34],"15":[204,136,102],"16":[102,41]},"_coverageSchema":"1a1c01bbd47fc00a2c39e90264f33305004495a9","hash":"b5c14c4a112b9689f5404faa7288a4c3b503bea6"}
,"/Users/patriciobrunodacosta/Documents/Bruno-tests/offering-tree-test/billing-form-test/src/components/custom-input-with-currency/index.jsx": {"path":"/Users/patriciobrunodacosta/Documents/Bruno-tests/offering-tree-test/billing-form-test/src/components/custom-input-with-currency/index.jsx","statementMap":{"0":{"start":{"line":8,"column":32},"end":{"line":40,"column":1}},"1":{"start":{"line":10,"column":21},"end":{"line":10,"column":46}},"2":{"start":{"line":11,"column":25},"end":{"line":11,"column":62}},"3":{"start":{"line":13,"column":27},"end":{"line":25,"column":5}},"4":{"start":{"line":27,"column":24},"end":{"line":30,"column":5}},"5":{"start":{"line":28,"column":8},"end":{"line":28,"column":31}},"6":{"start":{"line":29,"column":8},"end":{"line":29,"column":42}},"7":{"start":{"line":32,"column":4},"end":{"line":39,"column":5}}},"fnMap":{"0":{"name":"(anonymous_0)","decl":{"start":{"line":8,"column":32},"end":{"line":8,"column":33}},"loc":{"start":{"line":8,"column":92},"end":{"line":40,"column":1}},"line":8},"1":{"name":"(anonymous_1)","decl":{"start":{"line":8,"column":68},"end":{"line":8,"column":69}},"loc":{"start":{"line":8,"column":74},"end":{"line":8,"column":76}},"line":8},"2":{"name":"(anonymous_2)","decl":{"start":{"line":27,"column":24},"end":{"line":27,"column":25}},"loc":{"start":{"line":27,"column":42},"end":{"line":30,"column":5}},"line":27}},"branchMap":{"0":{"loc":{"start":{"line":8,"column":35},"end":{"line":8,"column":51}},"type":"default-arg","locations":[{"start":{"line":8,"column":50},"end":{"line":8,"column":51}}],"line":8},"1":{"loc":{"start":{"line":8,"column":53},"end":{"line":8,"column":76}},"type":"default-arg","locations":[{"start":{"line":8,"column":68},"end":{"line":8,"column":76}}],"line":8}},"s":{"0":1,"1":68,"2":68,"3":68,"4":68,"5":6,"6":6,"7":68},"f":{"0":68,"1":0,"2":6},"b":{"0":[0],"1":[0]},"_coverageSchema":"1a1c01bbd47fc00a2c39e90264f33305004495a9","hash":"75092be8088af686f5475f3337d2856314b69c45"}
,"/Users/patriciobrunodacosta/Documents/Bruno-tests/offering-tree-test/billing-form-test/src/components/custom-input-with-multiplier/index.jsx": {"path":"/Users/patriciobrunodacosta/Documents/Bruno-tests/offering-tree-test/billing-form-test/src/components/custom-input-with-multiplier/index.jsx","statementMap":{"0":{"start":{"line":5,"column":34},"end":{"line":14,"column":1}},"1":{"start":{"line":11,"column":4},"end":{"line":13,"column":18}}},"fnMap":{"0":{"name":"(anonymous_0)","decl":{"start":{"line":5,"column":34},"end":{"line":5,"column":35}},"loc":{"start":{"line":10,"column":6},"end":{"line":14,"column":1}},"line":10},"1":{"name":"(anonymous_1)","decl":{"start":{"line":7,"column":25},"end":{"line":7,"column":26}},"loc":{"start":{"line":7,"column":31},"end":{"line":7,"column":33}},"line":7}},"branchMap":{"0":{"loc":{"start":{"line":6,"column":4},"end":{"line":6,"column":23}},"type":"default-arg","locations":[{"start":{"line":6,"column":22},"end":{"line":6,"column":23}}],"line":6},"1":{"loc":{"start":{"line":7,"column":4},"end":{"line":7,"column":33}},"type":"default-arg","locations":[{"start":{"line":7,"column":25},"end":{"line":7,"column":33}}],"line":7},"2":{"loc":{"start":{"line":8,"column":4},"end":{"line":8,"column":30}},"type":"default-arg","locations":[{"start":{"line":8,"column":25},"end":{"line":8,"column":30}}],"line":8}},"s":{"0":1,"1":68},"f":{"0":68,"1":0},"b":{"0":[0],"1":[0],"2":[34]},"_coverageSchema":"1a1c01bbd47fc00a2c39e90264f33305004495a9","hash":"f4e29f643e98fb83269f2f213ee9326c59e13366"}
,"/Users/patriciobrunodacosta/Documents/Bruno-tests/offering-tree-test/billing-form-test/src/components/form-first-row/index.jsx": {"path":"/Users/patriciobrunodacosta/Documents/Bruno-tests/offering-tree-test/billing-form-test/src/components/form-first-row/index.jsx","statementMap":{"0":{"start":{"line":5,"column":22},"end":{"line":5,"column":49}},"1":{"start":{"line":7,"column":21},"end":{"line":52,"column":1}},"2":{"start":{"line":16,"column":4},"end":{"line":51,"column":5}},"3":{"start":{"line":27,"column":56},"end":{"line":27,"column":92}},"4":{"start":{"line":36,"column":62},"end":{"line":36,"column":109}},"5":{"start":{"line":37,"column":52},"end":{"line":37,"column":97}},"6":{"start":{"line":48,"column":56},"end":{"line":48,"column":92}}},"fnMap":{"0":{"name":"(anonymous_0)","decl":{"start":{"line":7,"column":21},"end":{"line":7,"column":22}},"loc":{"start":{"line":14,"column":6},"end":{"line":52,"column":1}},"line":14},"1":{"name":"(anonymous_1)","decl":{"start":{"line":13,"column":20},"end":{"line":13,"column":21}},"loc":{"start":{"line":13,"column":26},"end":{"line":13,"column":28}},"line":13},"2":{"name":"(anonymous_2)","decl":{"start":{"line":27,"column":30},"end":{"line":27,"column":31}},"loc":{"start":{"line":27,"column":56},"end":{"line":27,"column":92}},"line":27},"3":{"name":"(anonymous_3)","decl":{"start":{"line":36,"column":36},"end":{"line":36,"column":37}},"loc":{"start":{"line":36,"column":62},"end":{"line":36,"column":109}},"line":36},"4":{"name":"(anonymous_4)","decl":{"start":{"line":37,"column":26},"end":{"line":37,"column":27}},"loc":{"start":{"line":37,"column":52},"end":{"line":37,"column":97}},"line":37},"5":{"name":"(anonymous_5)","decl":{"start":{"line":48,"column":30},"end":{"line":48,"column":31}},"loc":{"start":{"line":48,"column":56},"end":{"line":48,"column":92}},"line":48}},"branchMap":{"0":{"loc":{"start":{"line":12,"column":4},"end":{"line":12,"column":26}},"type":"default-arg","locations":[{"start":{"line":12,"column":24},"end":{"line":12,"column":26}}],"line":12},"1":{"loc":{"start":{"line":13,"column":4},"end":{"line":13,"column":28}},"type":"default-arg","locations":[{"start":{"line":13,"column":20},"end":{"line":13,"column":28}}],"line":13}},"s":{"0":1,"1":1,"2":34,"3":6,"4":4,"5":5,"6":0},"f":{"0":34,"1":0,"2":6,"3":4,"4":5,"5":0},"b":{"0":[0],"1":[0]},"_coverageSchema":"1a1c01bbd47fc00a2c39e90264f33305004495a9","hash":"aca8912a3d0a28b6b6895cf5a3c241b6023f1bc1"}
,"/Users/patriciobrunodacosta/Documents/Bruno-tests/offering-tree-test/billing-form-test/src/components/form-label-generator/index.jsx": {"path":"/Users/patriciobrunodacosta/Documents/Bruno-tests/offering-tree-test/billing-form-test/src/components/form-label-generator/index.jsx","statementMap":{"0":{"start":{"line":5,"column":27},"end":{"line":60,"column":1}},"1":{"start":{"line":14,"column":51},"end":{"line":17,"column":5}},"2":{"start":{"line":15,"column":8},"end":{"line":16,"column":67}},"3":{"start":{"line":19,"column":46},"end":{"line":23,"column":5}},"4":{"start":{"line":20,"column":8},"end":{"line":22,"column":58}},"5":{"start":{"line":25,"column":49},"end":{"line":28,"column":5}},"6":{"start":{"line":26,"column":8},"end":{"line":27,"column":76}},"7":{"start":{"line":30,"column":45},"end":{"line":34,"column":5}},"8":{"start":{"line":31,"column":8},"end":{"line":33,"column":58}},"9":{"start":{"line":36,"column":27},"end":{"line":47,"column":5}},"10":{"start":{"line":37,"column":8},"end":{"line":46,"column":9}},"11":{"start":{"line":39,"column":16},"end":{"line":39,"column":64}},"12":{"start":{"line":41,"column":16},"end":{"line":41,"column":59}},"13":{"start":{"line":43,"column":16},"end":{"line":43,"column":62}},"14":{"start":{"line":45,"column":16},"end":{"line":45,"column":58}},"15":{"start":{"line":49,"column":20},"end":{"line":55,"column":5}},"16":{"start":{"line":50,"column":8},"end":{"line":54,"column":9}},"17":{"start":{"line":57,"column":4},"end":{"line":59,"column":5}}},"fnMap":{"0":{"name":"(anonymous_0)","decl":{"start":{"line":5,"column":27},"end":{"line":5,"column":28}},"loc":{"start":{"line":13,"column":6},"end":{"line":60,"column":1}},"line":13},"1":{"name":"(anonymous_1)","decl":{"start":{"line":14,"column":51},"end":{"line":14,"column":52}},"loc":{"start":{"line":14,"column":57},"end":{"line":17,"column":5}},"line":14},"2":{"name":"(anonymous_2)","decl":{"start":{"line":19,"column":46},"end":{"line":19,"column":47}},"loc":{"start":{"line":19,"column":52},"end":{"line":23,"column":5}},"line":19},"3":{"name":"(anonymous_3)","decl":{"start":{"line":25,"column":49},"end":{"line":25,"column":50}},"loc":{"start":{"line":25,"column":55},"end":{"line":28,"column":5}},"line":25},"4":{"name":"(anonymous_4)","decl":{"start":{"line":30,"column":45},"end":{"line":30,"column":46}},"loc":{"start":{"line":30,"column":51},"end":{"line":34,"column":5}},"line":30},"5":{"name":"(anonymous_5)","decl":{"start":{"line":36,"column":27},"end":{"line":36,"column":28}},"loc":{"start":{"line":36,"column":33},"end":{"line":47,"column":5}},"line":36},"6":{"name":"(anonymous_6)","decl":{"start":{"line":49,"column":20},"end":{"line":49,"column":21}},"loc":{"start":{"line":49,"column":26},"end":{"line":55,"column":5}},"line":49}},"branchMap":{"0":{"loc":{"start":{"line":6,"column":4},"end":{"line":6,"column":23}},"type":"default-arg","locations":[{"start":{"line":6,"column":19},"end":{"line":6,"column":23}}],"line":6},"1":{"loc":{"start":{"line":7,"column":4},"end":{"line":7,"column":24}},"type":"default-arg","locations":[{"start":{"line":7,"column":20},"end":{"line":7,"column":24}}],"line":7},"2":{"loc":{"start":{"line":9,"column":4},"end":{"line":9,"column":28}},"type":"default-arg","locations":[{"start":{"line":9,"column":24},"end":{"line":9,"column":28}}],"line":9},"3":{"loc":{"start":{"line":10,"column":4},"end":{"line":10,"column":24}},"type":"default-arg","locations":[{"start":{"line":10,"column":20},"end":{"line":10,"column":24}}],"line":10},"4":{"loc":{"start":{"line":11,"column":4},"end":{"line":11,"column":26}},"type":"default-arg","locations":[{"start":{"line":11,"column":22},"end":{"line":11,"column":26}}],"line":11},"5":{"loc":{"start":{"line":12,"column":4},"end":{"line":12,"column":27}},"type":"default-arg","locations":[{"start":{"line":12,"column":23},"end":{"line":12,"column":27}}],"line":12},"6":{"loc":{"start":{"line":37,"column":8},"end":{"line":46,"column":9}},"type":"switch","locations":[{"start":{"line":38,"column":12},"end":{"line":39,"column":64}},{"start":{"line":40,"column":12},"end":{"line":41,"column":59}},{"start":{"line":42,"column":12},"end":{"line":43,"column":62}},{"start":{"line":44,"column":12},"end":{"line":45,"column":58}}],"line":37},"7":{"loc":{"start":{"line":50,"column":15},"end":{"line":54,"column":9}},"type":"cond-expr","locations":[{"start":{"line":50,"column":35},"end":{"line":50,"column":39}},{"start":{"line":51,"column":12},"end":{"line":53,"column":19}}],"line":50}},"s":{"0":1,"1":34,"2":3,"3":34,"4":2,"5":34,"6":3,"7":34,"8":2,"9":34,"10":10,"11":3,"12":2,"13":3,"14":2,"15":34,"16":34,"17":34},"f":{"0":34,"1":3,"2":2,"3":3,"4":2,"5":10,"6":34},"b":{"0":[0],"1":[0],"2":[0],"3":[0],"4":[0],"5":[0],"6":[3,2,3,2],"7":[24,10]},"_coverageSchema":"1a1c01bbd47fc00a2c39e90264f33305004495a9","hash":"2d8dfb7a88a6b9268a26d78b05b5b5aa579bc155"}
,"/Users/patriciobrunodacosta/Documents/Bruno-tests/offering-tree-test/billing-form-test/src/components/form-second-row/index.jsx": {"path":"/Users/patriciobrunodacosta/Documents/Bruno-tests/offering-tree-test/billing-form-test/src/components/form-second-row/index.jsx","statementMap":{"0":{"start":{"line":5,"column":27},"end":{"line":5,"column":62}},"1":{"start":{"line":6,"column":24},"end":{"line":6,"column":51}},"2":{"start":{"line":8,"column":22},"end":{"line":52,"column":1}},"3":{"start":{"line":15,"column":4},"end":{"line":51,"column":5}},"4":{"start":{"line":26,"column":62},"end":{"line":26,"column":102}},"5":{"start":{"line":27,"column":52},"end":{"line":27,"column":96}},"6":{"start":{"line":37,"column":52},"end":{"line":37,"column":88}},"7":{"start":{"line":48,"column":52},"end":{"line":48,"column":89}}},"fnMap":{"0":{"name":"(anonymous_0)","decl":{"start":{"line":8,"column":22},"end":{"line":8,"column":23}},"loc":{"start":{"line":14,"column":6},"end":{"line":52,"column":1}},"line":14},"1":{"name":"(anonymous_1)","decl":{"start":{"line":13,"column":20},"end":{"line":13,"column":21}},"loc":{"start":{"line":13,"column":26},"end":{"line":13,"column":28}},"line":13},"2":{"name":"(anonymous_2)","decl":{"start":{"line":26,"column":36},"end":{"line":26,"column":37}},"loc":{"start":{"line":26,"column":62},"end":{"line":26,"column":102}},"line":26},"3":{"name":"(anonymous_3)","decl":{"start":{"line":27,"column":26},"end":{"line":27,"column":27}},"loc":{"start":{"line":27,"column":52},"end":{"line":27,"column":96}},"line":27},"4":{"name":"(anonymous_4)","decl":{"start":{"line":37,"column":26},"end":{"line":37,"column":27}},"loc":{"start":{"line":37,"column":52},"end":{"line":37,"column":88}},"line":37},"5":{"name":"(anonymous_5)","decl":{"start":{"line":48,"column":26},"end":{"line":48,"column":27}},"loc":{"start":{"line":48,"column":52},"end":{"line":48,"column":89}},"line":48}},"branchMap":{"0":{"loc":{"start":{"line":13,"column":4},"end":{"line":13,"column":28}},"type":"default-arg","locations":[{"start":{"line":13,"column":20},"end":{"line":13,"column":28}}],"line":13},"1":{"loc":{"start":{"line":25,"column":36},"end":{"line":25,"column":100}},"type":"binary-expr","locations":[{"start":{"line":25,"column":36},"end":{"line":25,"column":67}},{"start":{"line":25,"column":71},"end":{"line":25,"column":100}}],"line":25},"2":{"loc":{"start":{"line":47,"column":40},"end":{"line":47,"column":82}},"type":"cond-expr","locations":[{"start":{"line":47,"column":77},"end":{"line":47,"column":78}},{"start":{"line":47,"column":81},"end":{"line":47,"column":82}}],"line":47}},"s":{"0":1,"1":1,"2":1,"3":34,"4":2,"5":4,"6":4,"7":2},"f":{"0":34,"1":0,"2":2,"3":4,"4":4,"5":2},"b":{"0":[0],"1":[34,29],"2":[30,4]},"_coverageSchema":"1a1c01bbd47fc00a2c39e90264f33305004495a9","hash":"7a8e89f8292d873bfef10e419881e892d85d055b"}
,"/Users/patriciobrunodacosta/Documents/Bruno-tests/offering-tree-test/billing-form-test/src/constants/currency-codes.js": {"path":"/Users/patriciobrunodacosta/Documents/Bruno-tests/offering-tree-test/billing-form-test/src/constants/currency-codes.js","statementMap":{"0":{"start":{"line":1,"column":29},"end":{"line":249,"column":5}}},"fnMap":{},"branchMap":{},"s":{"0":1},"f":{},"b":{},"_coverageSchema":"1a1c01bbd47fc00a2c39e90264f33305004495a9","hash":"6adc06a3e72df71917dbd92a5c39e2f13047035f"}
,"/Users/patriciobrunodacosta/Documents/Bruno-tests/offering-tree-test/billing-form-test/src/constants/index.js": {"path":"/Users/patriciobrunodacosta/Documents/Bruno-tests/offering-tree-test/billing-form-test/src/constants/index.js","statementMap":{"0":{"start":{"line":1,"column":37},"end":{"line":6,"column":1}},"1":{"start":{"line":8,"column":37},"end":{"line":12,"column":1}}},"fnMap":{},"branchMap":{},"s":{"0":1,"1":1},"f":{},"b":{},"_coverageSchema":"1a1c01bbd47fc00a2c39e90264f33305004495a9","hash":"1cad895311d6b140ca37a7fe16ec3452488afd06"}
,"/Users/patriciobrunodacosta/Documents/Bruno-tests/offering-tree-test/billing-form-test/src/containers/form-container/index.jsx": {"path":"/Users/patriciobrunodacosta/Documents/Bruno-tests/offering-tree-test/billing-form-test/src/containers/form-container/index.jsx","statementMap":{"0":{"start":{"line":9,"column":24},"end":{"line":18,"column":1}},"1":{"start":{"line":20,"column":22},"end":{"line":127,"column":1}},"2":{"start":{"line":21,"column":36},"end":{"line":21,"column":61}},"3":{"start":{"line":23,"column":33},"end":{"line":32,"column":5}},"4":{"start":{"line":24,"column":41},"end":{"line":24,"column":80}},"5":{"start":{"line":25,"column":28},"end":{"line":25,"column":73}},"6":{"start":{"line":27,"column":8},"end":{"line":29,"column":9}},"7":{"start":{"line":28,"column":12},"end":{"line":28,"column":61}},"8":{"start":{"line":31,"column":8},"end":{"line":31,"column":33}},"9":{"start":{"line":34,"column":32},"end":{"line":40,"column":5}},"10":{"start":{"line":35,"column":8},"end":{"line":38,"column":9}},"11":{"start":{"line":36,"column":37},"end":{"line":36,"column":143}},"12":{"start":{"line":37,"column":12},"end":{"line":37,"column":83}},"13":{"start":{"line":39,"column":8},"end":{"line":39,"column":18}},"14":{"start":{"line":42,"column":36},"end":{"line":56,"column":5}},"15":{"start":{"line":43,"column":26},"end":{"line":43,"column":143}},"16":{"start":{"line":44,"column":8},"end":{"line":46,"column":9}},"17":{"start":{"line":45,"column":12},"end":{"line":45,"column":24}},"18":{"start":{"line":47,"column":8},"end":{"line":51,"column":9}},"19":{"start":{"line":48,"column":12},"end":{"line":50,"column":65}},"20":{"start":{"line":53,"column":8},"end":{"line":55,"column":57}},"21":{"start":{"line":58,"column":33},"end":{"line":68,"column":5}},"22":{"start":{"line":59,"column":8},"end":{"line":67,"column":9}},"23":{"start":{"line":60,"column":12},"end":{"line":60,"column":22}},"24":{"start":{"line":62,"column":38},"end":{"line":62,"column":81}},"25":{"start":{"line":63,"column":39},"end":{"line":65,"column":35}},"26":{"start":{"line":66,"column":12},"end":{"line":66,"column":92}},"27":{"start":{"line":70,"column":35},"end":{"line":82,"column":5}},"28":{"start":{"line":71,"column":25},"end":{"line":71,"column":50}},"29":{"start":{"line":72,"column":40},"end":{"line":72,"column":77}},"30":{"start":{"line":74,"column":29},"end":{"line":77,"column":45}},"31":{"start":{"line":79,"column":34},"end":{"line":79,"column":97}},"32":{"start":{"line":81,"column":8},"end":{"line":81,"column":64}},"33":{"start":{"line":84,"column":38},"end":{"line":95,"column":5}},"34":{"start":{"line":85,"column":25},"end":{"line":85,"column":46}},"35":{"start":{"line":86,"column":8},"end":{"line":88,"column":9}},"36":{"start":{"line":87,"column":12},"end":{"line":87,"column":61}},"37":{"start":{"line":90,"column":8},"end":{"line":92,"column":9}},"38":{"start":{"line":91,"column":12},"end":{"line":91,"column":60}},"39":{"start":{"line":94,"column":8},"end":{"line":94,"column":49}},"40":{"start":{"line":97,"column":4},"end":{"line":126,"column":5}}},"fnMap":{"0":{"name":"(anonymous_0)","decl":{"start":{"line":20,"column":22},"end":{"line":20,"column":23}},"loc":{"start":{"line":20,"column":28},"end":{"line":127,"column":1}},"line":20},"1":{"name":"(anonymous_1)","decl":{"start":{"line":23,"column":33},"end":{"line":23,"column":34}},"loc":{"start":{"line":23,"column":65},"end":{"line":32,"column":5}},"line":23},"2":{"name":"(anonymous_2)","decl":{"start":{"line":34,"column":32},"end":{"line":34,"column":33}},"loc":{"start":{"line":34,"column":38},"end":{"line":40,"column":5}},"line":34},"3":{"name":"(anonymous_3)","decl":{"start":{"line":42,"column":36},"end":{"line":42,"column":37}},"loc":{"start":{"line":42,"column":42},"end":{"line":56,"column":5}},"line":42},"4":{"name":"(anonymous_4)","decl":{"start":{"line":58,"column":33},"end":{"line":58,"column":34}},"loc":{"start":{"line":58,"column":39},"end":{"line":68,"column":5}},"line":58},"5":{"name":"(anonymous_5)","decl":{"start":{"line":70,"column":35},"end":{"line":70,"column":36}},"loc":{"start":{"line":70,"column":70},"end":{"line":82,"column":5}},"line":70},"6":{"name":"(anonymous_6)","decl":{"start":{"line":84,"column":38},"end":{"line":84,"column":39}},"loc":{"start":{"line":84,"column":44},"end":{"line":95,"column":5}},"line":84}},"branchMap":{"0":{"loc":{"start":{"line":27,"column":8},"end":{"line":29,"column":9}},"type":"if","locations":[{"start":{"line":27,"column":8},"end":{"line":29,"column":9}},{"start":{},"end":{}}],"line":27},"1":{"loc":{"start":{"line":27,"column":11},"end":{"line":27,"column":61}},"type":"binary-expr","locations":[{"start":{"line":27,"column":11},"end":{"line":27,"column":35}},{"start":{"line":27,"column":39},"end":{"line":27,"column":61}}],"line":27},"2":{"loc":{"start":{"line":35,"column":8},"end":{"line":38,"column":9}},"type":"if","locations":[{"start":{"line":35,"column":8},"end":{"line":38,"column":9}},{"start":{},"end":{}}],"line":35},"3":{"loc":{"start":{"line":35,"column":11},"end":{"line":35,"column":69}},"type":"binary-expr","locations":[{"start":{"line":35,"column":11},"end":{"line":35,"column":36}},{"start":{"line":35,"column":40},"end":{"line":35,"column":69}}],"line":35},"4":{"loc":{"start":{"line":36,"column":37},"end":{"line":36,"column":143}},"type":"cond-expr","locations":[{"start":{"line":36,"column":69},"end":{"line":36,"column":98}},{"start":{"line":36,"column":101},"end":{"line":36,"column":143}}],"line":36},"5":{"loc":{"start":{"line":43,"column":26},"end":{"line":43,"column":143}},"type":"binary-expr","locations":[{"start":{"line":43,"column":26},"end":{"line":43,"column":48}},{"start":{"line":43,"column":52},"end":{"line":43,"column":82}},{"start":{"line":43,"column":86},"end":{"line":43,"column":117}},{"start":{"line":43,"column":121},"end":{"line":43,"column":143}}],"line":43},"6":{"loc":{"start":{"line":44,"column":8},"end":{"line":46,"column":9}},"type":"if","locations":[{"start":{"line":44,"column":8},"end":{"line":46,"column":9}},{"start":{},"end":{}}],"line":44},"7":{"loc":{"start":{"line":47,"column":8},"end":{"line":51,"column":9}},"type":"if","locations":[{"start":{"line":47,"column":8},"end":{"line":51,"column":9}},{"start":{},"end":{}}],"line":47},"8":{"loc":{"start":{"line":48,"column":19},"end":{"line":50,"column":65}},"type":"cond-expr","locations":[{"start":{"line":49,"column":18},"end":{"line":49,"column":63}},{"start":{"line":50,"column":18},"end":{"line":50,"column":65}}],"line":48},"9":{"loc":{"start":{"line":53,"column":15},"end":{"line":55,"column":56}},"type":"cond-expr","locations":[{"start":{"line":54,"column":14},"end":{"line":54,"column":54}},{"start":{"line":55,"column":14},"end":{"line":55,"column":56}}],"line":53},"10":{"loc":{"start":{"line":59,"column":8},"end":{"line":67,"column":9}},"type":"if","locations":[{"start":{"line":59,"column":8},"end":{"line":67,"column":9}},{"start":{"line":61,"column":15},"end":{"line":67,"column":9}}],"line":59},"11":{"loc":{"start":{"line":59,"column":11},"end":{"line":59,"column":79}},"type":"binary-expr","locations":[{"start":{"line":59,"column":11},"end":{"line":59,"column":42}},{"start":{"line":59,"column":46},"end":{"line":59,"column":79}}],"line":59},"12":{"loc":{"start":{"line":63,"column":39},"end":{"line":65,"column":35}},"type":"cond-expr","locations":[{"start":{"line":64,"column":18},"end":{"line":64,"column":48}},{"start":{"line":65,"column":18},"end":{"line":65,"column":35}}],"line":63},"13":{"loc":{"start":{"line":70,"column":36},"end":{"line":70,"column":65}},"type":"default-arg","locations":[{"start":{"line":70,"column":61},"end":{"line":70,"column":65}}],"line":70},"14":{"loc":{"start":{"line":86,"column":8},"end":{"line":88,"column":9}},"type":"if","locations":[{"start":{"line":86,"column":8},"end":{"line":88,"column":9}},{"start":{},"end":{}}],"line":86},"15":{"loc":{"start":{"line":90,"column":8},"end":{"line":92,"column":9}},"type":"if","locations":[{"start":{"line":90,"column":8},"end":{"line":92,"column":9}},{"start":{},"end":{}}],"line":90},"16":{"loc":{"start":{"line":106,"column":39},"end":{"line":106,"column":98}},"type":"binary-expr","locations":[{"start":{"line":106,"column":39},"end":{"line":106,"column":92}},{"start":{"line":106,"column":96},"end":{"line":106,"column":98}}],"line":106}},"s":{"0":1,"1":1,"2":34,"3":34,"4":27,"5":27,"6":27,"7":5,"8":27,"9":34,"10":34,"11":5,"12":5,"13":29,"14":34,"15":34,"16":34,"17":24,"18":10,"19":6,"20":4,"21":34,"22":34,"23":18,"24":16,"25":16,"26":16,"27":34,"28":102,"29":102,"30":102,"31":102,"32":102,"33":34,"34":34,"35":34,"36":2,"37":34,"38":27,"39":34,"40":34},"f":{"0":34,"1":27,"2":34,"3":34,"4":34,"5":102,"6":34},"b":{"0":[5,22],"1":[27,5],"2":[5,29],"3":[34,7],"4":[5,0],"5":[34,34,10,10],"6":[24,10],"7":[6,4],"8":[3,3],"9":[2,2],"10":[18,16],"11":[34,17],"12":[16,0],"13":[0],"14":[2,32],"15":[27,7],"16":[34,17]},"_coverageSchema":"1a1c01bbd47fc00a2c39e90264f33305004495a9","hash":"3f84f681166bc8a2762b51e6382df23f44f6e80b"}
}
