TN:
SF:src/components/custom-input/index.jsx
FN:4,(anonymous_0)
FN:9,(anonymous_1)
FN:22,(anonymous_2)
FN:36,(anonymous_3)
FN:37,(anonymous_4)
FNF:5
FNH:4
FNDA:204,(anonymous_0)
FNDA:0,(anonymous_1)
FNDA:204,(anonymous_2)
FNDA:102,(anonymous_3)
FNDA:306,(anonymous_4)
DA:4,1
DA:22,204
DA:23,204
DA:25,0
DA:27,204
DA:29,0
DA:32,0
DA:36,204
DA:37,102
DA:38,306
DA:42,204
LF:11
LH:8
BRDA:6,0,0,0
BRDA:7,1,0,0
BRDA:8,2,0,102
BRDA:9,3,0,68
BRDA:10,4,0,68
BRDA:11,5,0,0
BRDA:12,6,0,102
BRDA:13,7,0,68
BRDA:15,8,0,204
BRDA:16,9,0,136
BRDA:17,10,0,170
BRDA:18,11,0,136
BRDA:23,12,0,0
BRDA:23,12,1,204
BRDA:23,12,2,0
BRDA:23,12,3,0
BRDA:46,13,0,204
BRDA:46,13,1,136
BRDA:47,14,0,204
BRDA:47,14,1,136
BRDA:47,14,2,34
BRDA:60,15,0,204
BRDA:60,15,1,136
BRDA:60,15,2,102
BRDA:62,16,0,102
BRDA:62,16,1,41
BRF:26
BRH:20
end_of_record
TN:
SF:src/components/custom-input-with-currency/index.jsx
FN:8,(anonymous_0)
FN:8,(anonymous_1)
FN:27,(anonymous_2)
FNF:3
FNH:2
FNDA:68,(anonymous_0)
FNDA:0,(anonymous_1)
FNDA:6,(anonymous_2)
DA:8,1
DA:10,68
DA:11,68
DA:13,68
DA:27,68
DA:28,6
DA:29,6
DA:32,68
LF:8
LH:8
BRDA:8,0,0,0
BRDA:8,1,0,0
BRF:2
BRH:0
end_of_record
TN:
SF:src/components/custom-input-with-multiplier/index.jsx
FN:5,(anonymous_0)
FN:7,(anonymous_1)
FNF:2
FNH:1
FNDA:68,(anonymous_0)
FNDA:0,(anonymous_1)
DA:5,1
DA:11,68
LF:2
LH:2
BRDA:6,0,0,0
BRDA:7,1,0,0
BRDA:8,2,0,34
BRF:3
BRH:1
end_of_record
TN:
SF:src/components/form-first-row/index.jsx
FN:7,(anonymous_0)
FN:13,(anonymous_1)
FN:27,(anonymous_2)
FN:36,(anonymous_3)
FN:37,(anonymous_4)
FN:48,(anonymous_5)
FNF:6
FNH:4
FNDA:34,(anonymous_0)
FNDA:0,(anonymous_1)
FNDA:6,(anonymous_2)
FNDA:4,(anonymous_3)
FNDA:5,(anonymous_4)
FNDA:0,(anonymous_5)
DA:5,1
DA:7,1
DA:16,34
DA:27,6
DA:36,4
DA:37,5
DA:48,0
LF:7
LH:6
BRDA:12,0,0,0
BRDA:13,1,0,0
BRF:2
BRH:0
end_of_record
TN:
SF:src/components/form-label-generator/index.jsx
FN:5,(anonymous_0)
FN:14,(anonymous_1)
FN:19,(anonymous_2)
FN:25,(anonymous_3)
FN:30,(anonymous_4)
FN:36,(anonymous_5)
FN:49,(anonymous_6)
FNF:7
FNH:7
FNDA:34,(anonymous_0)
FNDA:3,(anonymous_1)
FNDA:2,(anonymous_2)
FNDA:3,(anonymous_3)
FNDA:2,(anonymous_4)
FNDA:10,(anonymous_5)
FNDA:34,(anonymous_6)
DA:5,1
DA:14,34
DA:15,3
DA:19,34
DA:20,2
DA:25,34
DA:26,3
DA:30,34
DA:31,2
DA:36,34
DA:37,10
DA:39,3
DA:41,2
DA:43,3
DA:45,2
DA:49,34
DA:50,34
DA:57,34
LF:18
LH:18
BRDA:6,0,0,0
BRDA:7,1,0,0
BRDA:9,2,0,0
BRDA:10,3,0,0
BRDA:11,4,0,0
BRDA:12,5,0,0
BRDA:37,6,0,3
BRDA:37,6,1,2
BRDA:37,6,2,3
BRDA:37,6,3,2
BRDA:50,7,0,24
BRDA:50,7,1,10
BRF:12
BRH:6
end_of_record
TN:
SF:src/components/form-second-row/index.jsx
FN:8,(anonymous_0)
FN:13,(anonymous_1)
FN:26,(anonymous_2)
FN:27,(anonymous_3)
FN:37,(anonymous_4)
FN:48,(anonymous_5)
FNF:6
FNH:5
FNDA:34,(anonymous_0)
FNDA:0,(anonymous_1)
FNDA:2,(anonymous_2)
FNDA:4,(anonymous_3)
FNDA:4,(anonymous_4)
FNDA:2,(anonymous_5)
DA:5,1
DA:6,1
DA:8,1
DA:15,34
DA:26,2
DA:27,4
DA:37,4
DA:48,2
LF:8
LH:8
BRDA:13,0,0,0
BRDA:25,1,0,34
BRDA:25,1,1,29
BRDA:47,2,0,30
BRDA:47,2,1,4
BRF:5
BRH:4
end_of_record
TN:
SF:src/constants/currency-codes.js
FNF:0
FNH:0
DA:1,1
LF:1
LH:1
BRF:0
BRH:0
end_of_record
TN:
SF:src/constants/index.js
FNF:0
FNH:0
DA:1,1
DA:8,1
LF:2
LH:2
BRF:0
BRH:0
end_of_record
TN:
SF:src/containers/form-container/index.jsx
FN:20,(anonymous_0)
FN:23,(anonymous_1)
FN:34,(anonymous_2)
FN:42,(anonymous_3)
FN:58,(anonymous_4)
FN:70,(anonymous_5)
FN:84,(anonymous_6)
FNF:7
FNH:7
FNDA:34,(anonymous_0)
FNDA:27,(anonymous_1)
FNDA:34,(anonymous_2)
FNDA:34,(anonymous_3)
FNDA:34,(anonymous_4)
FNDA:102,(anonymous_5)
FNDA:34,(anonymous_6)
DA:9,1
DA:20,1
DA:21,34
DA:23,34
DA:24,27
DA:25,27
DA:27,27
DA:28,5
DA:31,27
DA:34,34
DA:35,34
DA:36,5
DA:37,5
DA:39,29
DA:42,34
DA:43,34
DA:44,34
DA:45,24
DA:47,10
DA:48,6
DA:53,4
DA:58,34
DA:59,34
DA:60,18
DA:62,16
DA:63,16
DA:66,16
DA:70,34
DA:71,102
DA:72,102
DA:74,102
DA:79,102
DA:81,102
DA:84,34
DA:85,34
DA:86,34
DA:87,2
DA:90,34
DA:91,27
DA:94,34
DA:97,34
LF:41
LH:41
BRDA:27,0,0,5
BRDA:27,0,1,22
BRDA:27,1,0,27
BRDA:27,1,1,5
BRDA:35,2,0,5
BRDA:35,2,1,29
BRDA:35,3,0,34
BRDA:35,3,1,7
BRDA:36,4,0,5
BRDA:36,4,1,0
BRDA:43,5,0,34
BRDA:43,5,1,34
BRDA:43,5,2,10
BRDA:43,5,3,10
BRDA:44,6,0,24
BRDA:44,6,1,10
BRDA:47,7,0,6
BRDA:47,7,1,4
BRDA:48,8,0,3
BRDA:48,8,1,3
BRDA:53,9,0,2
BRDA:53,9,1,2
BRDA:59,10,0,18
BRDA:59,10,1,16
BRDA:59,11,0,34
BRDA:59,11,1,17
BRDA:63,12,0,16
BRDA:63,12,1,0
BRDA:70,13,0,0
BRDA:86,14,0,2
BRDA:86,14,1,32
BRDA:90,15,0,27
BRDA:90,15,1,7
BRDA:106,16,0,34
BRDA:106,16,1,17
BRF:35
BRH:32
end_of_record
